# JRE version: OpenJDK Runtime Environment (17.0.14+7) (build 17.0.14+7-Ubuntu-122.04.1)
# Java VM: OpenJDK 64-Bit Server VM (17.0.14+7-Ubuntu-122.04.1, mixed mode, tiered, compressed oops, compressed class ptrs, g1 gc, linux-amd64)
GC Precious Log:
 CPUs: 16 total, 16 available
 Memory: 15207M
 Large Page Support: Disabled
 NUMA Support: Disabled
 Compressed Oops: Enabled (Zero based)
 Heap Region Size: 2M
 Heap Min Capacity: 8M
 Heap Initial Capacity: 238M
 Heap Max Capacity: 3802M
 Pre-touch: Disabled
 Parallel Workers: 13
 Concurrent Workers: 3
 Concurrent Refinement Workers: 13
 Periodic GC: Disabled
Heap:
 garbage-first heap   total 61440K, used 24235K [0x00000006d2600000, 0x00000007c0000000)
  region size 2048K, 2 young (4096K), 1 survivors (2048K)
 Metaspace       used 12913K, committed 13184K, reserved 1114112K
  class space    used 1177K, committed 1280K, reserved 1048576K
GC Heap History (20 events):
Event: 0.493 GC heap before
{Heap before GC invocations=3 (full 1):
 garbage-first heap   total 28672K, used 11173K [0x00000006d2600000, 0x00000007c0000000)
  region size 2048K, 5 young (10240K), 1 survivors (2048K)
 Metaspace       used 8537K, committed 8704K, reserved 1114112K
  class space    used 751K, committed 832K, reserved 1048576K
}
Event: 0.498 GC heap after
{Heap after GC invocations=4 (full 1):
 garbage-first heap   total 28672K, used 3886K [0x00000006d2600000, 0x00000007c0000000)
  region size 2048K, 1 young (2048K), 1 survivors (2048K)
 Metaspace       used 8537K, committed 8704K, reserved 1114112K
  class space    used 751K, committed 832K, reserved 1048576K
}
Event: 0.518 GC heap before
{Heap before GC invocations=4 (full 1):
 garbage-first heap   total 28672K, used 10030K [0x00000006d2600000, 0x00000007c0000000)
  region size 2048K, 4 young (8192K), 1 survivors (2048K)
 Metaspace       used 8581K, committed 8768K, reserved 1114112K
  class space    used 751K, committed 832K, reserved 1048576K
}
Event: 0.522 GC heap after
{Heap after GC invocations=5 (full 1):
 garbage-first heap   total 137216K, used 4642K [0x00000006d2600000, 0x00000007c0000000)
  region size 2048K, 1 young (2048K), 1 survivors (2048K)
 Metaspace       used 8581K, committed 8768K, reserved 1114112K
  class space    used 751K, committed 832K, reserved 1048576K
}
Event: 0.550 GC heap before
{Heap before GC invocations=5 (full 1):
 garbage-first heap   total 137216K, used 8738K [0x00000006d2600000, 0x00000007c0000000)
  region size 2048K, 4 young (8192K), 1 survivors (2048K)
 Metaspace       used 8598K, committed 8768K, reserved 1114112K
  class space    used 751K, committed 832K, reserved 1048576K
}
Event: 0.565 GC heap after
{Heap after GC invocations=6 (full 2):
 garbage-first heap   total 28672K, used 5134K [0x00000006d2600000, 0x00000007c0000000)
  region size 2048K, 0 young (0K), 0 survivors (0K)
 Metaspace       used 8598K, committed 8768K, reserved 1114112K
  class space    used 751K, committed 832K, reserved 1048576K
}
Event: 0.730 GC heap before
{Heap before GC invocations=6 (full 2):
 garbage-first heap   total 28672K, used 13326K [0x00000006d2600000, 0x00000007c0000000)
  region size 2048K, 5 young (10240K), 0 survivors (0K)
 Metaspace       used 10326K, committed 10496K, reserved 1114112K
  class space    used 916K, committed 1024K, reserved 1048576K
}
Event: 0.733 GC heap after
{Heap after GC invocations=7 (full 2):
 garbage-first heap   total 28672K, used 6136K [0x00000006d2600000, 0x00000007c0000000)
  region size 2048K, 1 young (2048K), 1 survivors (2048K)
 Metaspace       used 10326K, committed 10496K, reserved 1114112K
  class space    used 916K, committed 1024K, reserved 1048576K
}
Event: 0.815 GC heap before
{Heap before GC invocations=7 (full 2):
 garbage-first heap   total 28672K, used 12280K [0x00000006d2600000, 0x00000007c0000000)
  region size 2048K, 5 young (10240K), 1 survivors (2048K)
 Metaspace       used 10582K, committed 10816K, reserved 1114112K
  class space    used 936K, committed 1024K, reserved 1048576K
}
Event: 0.819 GC heap after
{Heap after GC invocations=8 (full 2):
 garbage-first heap   total 28672K, used 9852K [0x00000006d2600000, 0x00000007c0000000)
  region size 2048K, 1 young (2048K), 1 survivors (2048K)
 Metaspace       used 10582K, committed 10816K, reserved 1114112K
  class space    used 936K, committed 1024K, reserved 1048576K
}
Event: 0.828 GC heap before
{Heap before GC invocations=8 (full 2):
 garbage-first heap   total 28672K, used 9852K [0x00000006d2600000, 0x00000007c0000000)
  region size 2048K, 2 young (4096K), 1 survivors (2048K)
 Metaspace       used 10604K, committed 10816K, reserved 1114112K
  class space    used 936K, committed 1024K, reserved 1048576K
}
Event: 0.832 GC heap after
{Heap after GC invocations=9 (full 2):
 garbage-first heap   total 28672K, used 10812K [0x00000006d2600000, 0x00000007c0000000)
  region size 2048K, 1 young (2048K), 1 survivors (2048K)
 Metaspace       used 10604K, committed 10816K, reserved 1114112K
  class space    used 936K, committed 1024K, reserved 1048576K
}
Event: 0.866 GC heap before
{Heap before GC invocations=10 (full 2):
 garbage-first heap   total 38912K, used 16956K [0x00000006d2600000, 0x00000007c0000000)
  region size 2048K, 2 young (4096K), 1 survivors (2048K)
 Metaspace       used 10612K, committed 10816K, reserved 1114112K
  class space    used 936K, committed 1024K, reserved 1048576K
}
Event: 0.870 GC heap after
{Heap after GC invocations=11 (full 2):
 garbage-first heap   total 141312K, used 16692K [0x00000006d2600000, 0x00000007c0000000)
  region size 2048K, 1 young (2048K), 1 survivors (2048K)
 Metaspace       used 10612K, committed 10816K, reserved 1114112K
  class space    used 936K, committed 1024K, reserved 1048576K
}
Event: 0.880 GC heap before
{Heap before GC invocations=11 (full 2):
 garbage-first heap   total 141312K, used 16692K [0x00000006d2600000, 0x00000007c0000000)
  region size 2048K, 2 young (4096K), 1 survivors (2048K)
 Metaspace       used 10654K, committed 10880K, reserved 1114112K
  class space    used 938K, committed 1024K, reserved 1048576K
}
Event: 0.895 GC heap after
{Heap after GC invocations=12 (full 3):
 garbage-first heap   total 61440K, used 16396K [0x00000006d2600000, 0x00000007c0000000)
  region size 2048K, 0 young (0K), 0 survivors (0K)
 Metaspace       used 10654K, committed 10880K, reserved 1114112K
  class space    used 938K, committed 1024K, reserved 1048576K
}
Event: 1.039 GC heap before
{Heap before GC invocations=12 (full 3):
 garbage-first heap   total 61440K, used 28684K [0x00000006d2600000, 0x00000007c0000000)
  region size 2048K, 7 young (14336K), 0 survivors (0K)
 Metaspace       used 10872K, committed 11072K, reserved 1114112K
  class space    used 941K, committed 1024K, reserved 1048576K
}
Event: 1.042 GC heap after
{Heap after GC invocations=13 (full 3):
 garbage-first heap   total 61440K, used 21277K [0x00000006d2600000, 0x00000007c0000000)
  region size 2048K, 1 young (2048K), 1 survivors (2048K)
 Metaspace       used 10872K, committed 11072K, reserved 1114112K
  class space    used 941K, committed 1024K, reserved 1048576K
}
Event: 1.167 GC heap before
{Heap before GC invocations=13 (full 3):
 garbage-first heap   total 61440K, used 33565K [0x00000006d2600000, 0x00000007c0000000)
  region size 2048K, 7 young (14336K), 1 survivors (2048K)
 Metaspace       used 12890K, committed 13184K, reserved 1114112K
  class space    used 1174K, committed 1280K, reserved 1048576K
}
Event: 1.171 GC heap after
{Heap after GC invocations=14 (full 3):
 garbage-first heap   total 61440K, used 24235K [0x00000006d2600000, 0x00000007c0000000)
  region size 2048K, 1 young (2048K), 1 survivors (2048K)
 Metaspace       used 12890K, committed 13184K, reserved 1114112K
  class space    used 1174K, committed 1280K, reserved 1048576K
}

