# JRE version: OpenJDK Runtime Environment (17.0.14+7) (build 17.0.14+7-Ubuntu-122.04.1)
# Java VM: OpenJDK 64-Bit Server VM (17.0.14+7-Ubuntu-122.04.1, mixed mode, tiered, compressed oops, compressed class ptrs, g1 gc, linux-amd64)
GC Precious Log:
 CPUs: 16 total, 16 available
 Memory: 15207M
 Large Page Support: Disabled
 NUMA Support: Disabled
 Compressed Oops: Enabled (Zero based)
 Heap Region Size: 2M
 Heap Min Capacity: 8M
 Heap Initial Capacity: 238M
 Heap Max Capacity: 3802M
 Pre-touch: Disabled
 Parallel Workers: 13
 Concurrent Workers: 3
 Concurrent Refinement Workers: 13
 Periodic GC: Disabled
Heap:
 garbage-first heap   total 114688K, used 44027K [0x00000006d2600000, 0x00000007c0000000)
  region size 2048K, 12 young (24576K), 3 survivors (6144K)
 Metaspace       used 50733K, committed 51072K, reserved 1114112K
  class space    used 6147K, committed 6336K, reserved 1048576K
GC Heap History (20 events):
Event: 0.653 GC heap before
{Heap before GC invocations=8 (full 3):
 garbage-first heap   total 20480K, used 10072K [0x00000006d2600000, 0x00000007c0000000)
  region size 2048K, 3 young (6144K), 0 survivors (0K)
 Metaspace       used 10484K, committed 10688K, reserved 1114112K
  class space    used 934K, committed 1024K, reserved 1048576K
}
Event: 0.655 GC heap after
{Heap after GC invocations=9 (full 3):
 garbage-first heap   total 20480K, used 7688K [0x00000006d2600000, 0x00000007c0000000)
  region size 2048K, 1 young (2048K), 1 survivors (2048K)
 Metaspace       used 10484K, committed 10688K, reserved 1114112K
  class space    used 934K, committed 1024K, reserved 1048576K
}
Event: 0.687 GC heap before
{Heap before GC invocations=9 (full 3):
 garbage-first heap   total 20480K, used 11784K [0x00000006d2600000, 0x00000007c0000000)
  region size 2048K, 3 young (6144K), 1 survivors (2048K)
 Metaspace       used 10592K, committed 10816K, reserved 1114112K
  class space    used 936K, committed 1024K, reserved 1048576K
}
Event: 0.690 GC heap after
{Heap after GC invocations=10 (full 3):
 garbage-first heap   total 22528K, used 15220K [0x00000006d2600000, 0x00000007c0000000)
  region size 2048K, 1 young (2048K), 1 survivors (2048K)
 Metaspace       used 10592K, committed 10816K, reserved 1114112K
  class space    used 936K, committed 1024K, reserved 1048576K
}
Event: 0.753 GC heap before
{Heap before GC invocations=10 (full 3):
 garbage-first heap   total 22528K, used 15220K [0x00000006d2600000, 0x00000007c0000000)
  region size 2048K, 2 young (4096K), 1 survivors (2048K)
 Metaspace       used 10666K, committed 10880K, reserved 1114112K
  class space    used 940K, committed 1024K, reserved 1048576K
}
Event: 0.756 GC heap after
{Heap after GC invocations=11 (full 3):
 garbage-first heap   total 133120K, used 16614K [0x00000006d2600000, 0x00000007c0000000)
  region size 2048K, 1 young (2048K), 1 survivors (2048K)
 Metaspace       used 10666K, committed 10880K, reserved 1114112K
  class space    used 940K, committed 1024K, reserved 1048576K
}
Event: 1.085 GC heap before
{Heap before GC invocations=12 (full 3):
 garbage-first heap   total 69632K, used 41190K [0x00000006d2600000, 0x00000007c0000000)
  region size 2048K, 15 young (30720K), 1 survivors (2048K)
 Metaspace       used 12927K, committed 13120K, reserved 1114112K
  class space    used 1182K, committed 1280K, reserved 1048576K
}
Event: 1.112 GC heap after
{Heap after GC invocations=13 (full 4):
 garbage-first heap   total 69632K, used 25695K [0x00000006d2600000, 0x00000007c0000000)
  region size 2048K, 0 young (0K), 0 survivors (0K)
 Metaspace       used 12927K, committed 13120K, reserved 1114112K
  class space    used 1182K, committed 1280K, reserved 1048576K
}
Event: 1.185 GC heap before
{Heap before GC invocations=13 (full 4):
 garbage-first heap   total 69632K, used 27743K [0x00000006d2600000, 0x00000007c0000000)
  region size 2048K, 2 young (4096K), 0 survivors (0K)
 Metaspace       used 13450K, committed 13696K, reserved 1114112K
  class space    used 1246K, committed 1408K, reserved 1048576K
}
Event: 1.200 GC heap after
{Heap after GC invocations=14 (full 5):
 garbage-first heap   total 69632K, used 19433K [0x00000006d2600000, 0x00000007c0000000)
  region size 2048K, 0 young (0K), 0 survivors (0K)
 Metaspace       used 13450K, committed 13696K, reserved 1114112K
  class space    used 1246K, committed 1408K, reserved 1048576K
}
Event: 1.542 GC heap before
{Heap before GC invocations=14 (full 5):
 garbage-first heap   total 69632K, used 33769K [0x00000006d2600000, 0x00000007c0000000)
  region size 2048K, 8 young (16384K), 0 survivors (0K)
 Metaspace       used 17338K, committed 17664K, reserved 1114112K
  class space    used 1691K, committed 1856K, reserved 1048576K
}
Event: 1.546 GC heap after
{Heap after GC invocations=15 (full 5):
 garbage-first heap   total 69632K, used 20668K [0x00000006d2600000, 0x00000007c0000000)
  region size 2048K, 1 young (2048K), 1 survivors (2048K)
 Metaspace       used 17338K, committed 17664K, reserved 1114112K
  class space    used 1691K, committed 1856K, reserved 1048576K
}
Event: 1.806 GC heap before
{Heap before GC invocations=15 (full 5):
 garbage-first heap   total 69632K, used 32956K [0x00000006d2600000, 0x00000007c0000000)
  region size 2048K, 8 young (16384K), 1 survivors (2048K)
 Metaspace       used 22641K, committed 22848K, reserved 1114112K
  class space    used 2342K, committed 2432K, reserved 1048576K
}
Event: 1.813 GC heap after
{Heap after GC invocations=16 (full 5):
 garbage-first heap   total 69632K, used 22366K [0x00000006d2600000, 0x00000007c0000000)
  region size 2048K, 2 young (4096K), 2 survivors (4096K)
 Metaspace       used 22641K, committed 22848K, reserved 1114112K
  class space    used 2342K, committed 2432K, reserved 1048576K
}
Event: 2.342 GC heap before
{Heap before GC invocations=17 (full 5):
 garbage-first heap   total 69632K, used 44894K [0x00000006d2600000, 0x00000007c0000000)
  region size 2048K, 14 young (28672K), 2 survivors (4096K)
 Metaspace       used 30436K, committed 30720K, reserved 1114112K
  class space    used 3531K, committed 3648K, reserved 1048576K
}
Event: 2.350 GC heap after
{Heap after GC invocations=18 (full 5):
 garbage-first heap   total 69632K, used 24018K [0x00000006d2600000, 0x00000007c0000000)
  region size 2048K, 2 young (4096K), 2 survivors (4096K)
 Metaspace       used 30436K, committed 30720K, reserved 1114112K
  class space    used 3531K, committed 3648K, reserved 1048576K
}
Event: 2.744 GC heap before
{Heap before GC invocations=19 (full 5):
 garbage-first heap   total 69632K, used 44498K [0x00000006d2600000, 0x00000007c0000000)
  region size 2048K, 13 young (26624K), 2 survivors (4096K)
 Metaspace       used 37386K, committed 37696K, reserved 1114112K
  class space    used 4533K, committed 4672K, reserved 1048576K
}
Event: 2.750 GC heap after
{Heap after GC invocations=20 (full 5):
 garbage-first heap   total 114688K, used 25174K [0x00000006d2600000, 0x00000007c0000000)
  region size 2048K, 2 young (4096K), 2 survivors (4096K)
 Metaspace       used 37386K, committed 37696K, reserved 1114112K
  class space    used 4533K, committed 4672K, reserved 1048576K
}
Event: 3.452 GC heap before
{Heap before GC invocations=20 (full 5):
 garbage-first heap   total 114688K, used 72278K [0x00000006d2600000, 0x00000007c0000000)
  region size 2048K, 25 young (51200K), 2 survivors (4096K)
 Metaspace       used 48999K, committed 49344K, reserved 1114112K
  class space    used 6005K, committed 6144K, reserved 1048576K
}
Event: 3.459 GC heap after
{Heap after GC invocations=21 (full 5):
 garbage-first heap   total 114688K, used 27643K [0x00000006d2600000, 0x00000007c0000000)
  region size 2048K, 3 young (6144K), 3 survivors (6144K)
 Metaspace       used 48999K, committed 49344K, reserved 1114112K
  class space    used 6005K, committed 6144K, reserved 1048576K
}

