# JRE version: OpenJDK Runtime Environment (17.0.14+7) (build 17.0.14+7-Ubuntu-122.04.1)
# Java VM: OpenJDK 64-Bit Server VM (17.0.14+7-Ubuntu-122.04.1, mixed mode, tiered, compressed oops, compressed class ptrs, g1 gc, linux-amd64)
GC Precious Log:
 CPUs: 16 total, 16 available
 Memory: 15207M
 Large Page Support: Disabled
 NUMA Support: Disabled
 Compressed Oops: Enabled (Zero based)
 Heap Region Size: 2M
 Heap Min Capacity: 8M
 Heap Initial Capacity: 238M
 Heap Max Capacity: 3802M
 Pre-touch: Disabled
 Parallel Workers: 13
 Concurrent Workers: 3
 Concurrent Refinement Workers: 13
 Periodic GC: Disabled
Heap:
 garbage-first heap   total 69632K, used 19065K [0x00000006d2600000, 0x00000007c0000000)
  region size 2048K, 1 young (2048K), 0 survivors (0K)
 Metaspace       used 14757K, committed 14976K, reserved 1114112K
  class space    used 1370K, committed 1472K, reserved 1048576K
GC Heap History (20 events):
Event: 0.350 GC heap before
{Heap before GC invocations=5 (full 1):
 garbage-first heap   total 133120K, used 16018K [0x00000006d2600000, 0x00000007c0000000)
  region size 2048K, 8 young (16384K), 1 survivors (2048K)
 Metaspace       used 8599K, committed 8768K, reserved 1114112K
  class space    used 751K, committed 832K, reserved 1048576K
}
Event: 0.366 GC heap after
{Heap after GC invocations=6 (full 2):
 garbage-first heap   total 28672K, used 5134K [0x00000006d2600000, 0x00000007c0000000)
  region size 2048K, 0 young (0K), 0 survivors (0K)
 Metaspace       used 8599K, committed 8768K, reserved 1114112K
  class space    used 751K, committed 832K, reserved 1048576K
}
Event: 0.506 GC heap before
{Heap before GC invocations=6 (full 2):
 garbage-first heap   total 28672K, used 13326K [0x00000006d2600000, 0x00000007c0000000)
  region size 2048K, 4 young (8192K), 0 survivors (0K)
 Metaspace       used 10263K, committed 10496K, reserved 1114112K
  class space    used 910K, committed 1024K, reserved 1048576K
}
Event: 0.508 GC heap after
{Heap after GC invocations=7 (full 2):
 garbage-first heap   total 28672K, used 6263K [0x00000006d2600000, 0x00000007c0000000)
  region size 2048K, 1 young (2048K), 1 survivors (2048K)
 Metaspace       used 10263K, committed 10496K, reserved 1114112K
  class space    used 910K, committed 1024K, reserved 1048576K
}
Event: 0.588 GC heap before
{Heap before GC invocations=7 (full 2):
 garbage-first heap   total 28672K, used 10359K [0x00000006d2600000, 0x00000007c0000000)
  region size 2048K, 4 young (8192K), 1 survivors (2048K)
 Metaspace       used 10492K, committed 10688K, reserved 1114112K
  class space    used 934K, committed 1024K, reserved 1048576K
}
Event: 0.591 GC heap after
{Heap after GC invocations=8 (full 2):
 garbage-first heap   total 28672K, used 7551K [0x00000006d2600000, 0x00000007c0000000)
  region size 2048K, 1 young (2048K), 1 survivors (2048K)
 Metaspace       used 10492K, committed 10688K, reserved 1114112K
  class space    used 934K, committed 1024K, reserved 1048576K
}
Event: 0.643 GC heap before
{Heap before GC invocations=8 (full 2):
 garbage-first heap   total 28672K, used 15743K [0x00000006d2600000, 0x00000007c0000000)
  region size 2048K, 4 young (8192K), 1 survivors (2048K)
 Metaspace       used 10614K, committed 10816K, reserved 1114112K
  class space    used 936K, committed 1024K, reserved 1048576K
}
Event: 0.648 GC heap after
{Heap after GC invocations=9 (full 2):
 garbage-first heap   total 28672K, used 16135K [0x00000006d2600000, 0x00000007c0000000)
  region size 2048K, 1 young (2048K), 1 survivors (2048K)
 Metaspace       used 10614K, committed 10816K, reserved 1114112K
  class space    used 936K, committed 1024K, reserved 1048576K
}
Event: 0.688 GC heap before
{Heap before GC invocations=9 (full 2):
 garbage-first heap   total 28672K, used 16135K [0x00000006d2600000, 0x00000007c0000000)
  region size 2048K, 2 young (4096K), 1 survivors (2048K)
 Metaspace       used 10712K, committed 10880K, reserved 1114112K
  class space    used 940K, committed 1024K, reserved 1048576K
}
Event: 0.691 GC heap after
{Heap after GC invocations=10 (full 2):
 garbage-first heap   total 137216K, used 17410K [0x00000006d2600000, 0x00000007c0000000)
  region size 2048K, 1 young (2048K), 1 survivors (2048K)
 Metaspace       used 10712K, committed 10880K, reserved 1114112K
  class space    used 940K, committed 1024K, reserved 1048576K
}
Event: 0.970 GC heap before
{Heap before GC invocations=11 (full 2):
 garbage-first heap   total 81920K, used 39938K [0x00000006d2600000, 0x00000007c0000000)
  region size 2048K, 14 young (28672K), 1 survivors (2048K)
 Metaspace       used 12889K, committed 13120K, reserved 1114112K
  class space    used 1175K, committed 1280K, reserved 1048576K
}
Event: 0.998 GC heap after
{Heap after GC invocations=12 (full 3):
 garbage-first heap   total 81920K, used 25621K [0x00000006d2600000, 0x00000007c0000000)
  region size 2048K, 0 young (0K), 0 survivors (0K)
 Metaspace       used 12889K, committed 13120K, reserved 1114112K
  class space    used 1175K, committed 1280K, reserved 1048576K
}
Event: 1.011 GC heap before
{Heap before GC invocations=12 (full 3):
 garbage-first heap   total 81920K, used 25621K [0x00000006d2600000, 0x00000007c0000000)
  region size 2048K, 1 young (2048K), 0 survivors (0K)
 Metaspace       used 12889K, committed 13120K, reserved 1114112K
  class space    used 1175K, committed 1280K, reserved 1048576K
}
Event: 1.030 GC heap after
{Heap after GC invocations=13 (full 4):
 garbage-first heap   total 69632K, used 19926K [0x00000006d2600000, 0x00000007c0000000)
  region size 2048K, 0 young (0K), 0 survivors (0K)
 Metaspace       used 12889K, committed 13120K, reserved 1114112K
  class space    used 1175K, committed 1280K, reserved 1048576K
}
Event: 1.073 GC heap before
{Heap before GC invocations=13 (full 4):
 garbage-first heap   total 69632K, used 21974K [0x00000006d2600000, 0x00000007c0000000)
  region size 2048K, 2 young (4096K), 0 survivors (0K)
 Metaspace       used 13128K, committed 13376K, reserved 1114112K
  class space    used 1209K, committed 1344K, reserved 1048576K
}
Event: 1.093 GC heap after
{Heap after GC invocations=14 (full 5):
 garbage-first heap   total 69632K, used 20170K [0x00000006d2600000, 0x00000007c0000000)
  region size 2048K, 0 young (0K), 0 survivors (0K)
 Metaspace       used 13128K, committed 13376K, reserved 1114112K
  class space    used 1209K, committed 1344K, reserved 1048576K
}
Event: 1.208 GC heap before
{Heap before GC invocations=14 (full 5):
 garbage-first heap   total 69632K, used 26314K [0x00000006d2600000, 0x00000007c0000000)
  region size 2048K, 4 young (8192K), 0 survivors (0K)
 Metaspace       used 14742K, committed 14976K, reserved 1114112K
  class space    used 1368K, committed 1472K, reserved 1048576K
}
Event: 1.231 GC heap after
{Heap after GC invocations=15 (full 6):
 garbage-first heap   total 69632K, used 19697K [0x00000006d2600000, 0x00000007c0000000)
  region size 2048K, 0 young (0K), 0 survivors (0K)
 Metaspace       used 14742K, committed 14976K, reserved 1114112K
  class space    used 1368K, committed 1472K, reserved 1048576K
}
Event: 1.245 GC heap before
{Heap before GC invocations=15 (full 6):
 garbage-first heap   total 69632K, used 19697K [0x00000006d2600000, 0x00000007c0000000)
  region size 2048K, 1 young (2048K), 0 survivors (0K)
 Metaspace       used 14752K, committed 14976K, reserved 1114112K
  class space    used 1369K, committed 1472K, reserved 1048576K
}
Event: 1.268 GC heap after
{Heap after GC invocations=16 (full 7):
 garbage-first heap   total 69632K, used 19065K [0x00000006d2600000, 0x00000007c0000000)
  region size 2048K, 0 young (0K), 0 survivors (0K)
 Metaspace       used 14752K, committed 14976K, reserved 1114112K
  class space    used 1369K, committed 1472K, reserved 1048576K
}

